<?xml version="1.0" encoding="UTF-8"?>
<testng-results skipped="0" failed="1" ignored="0" total="4" passed="3">
  <reporter-output>
  </reporter-output>
  <suite name="Default suite" duration-ms="23949" started-at="2019-11-24T10:50:30 EST" finished-at="2019-11-24T10:50:54 EST">
    <groups>
    </groups>
    <test name="Default test" duration-ms="23949" started-at="2019-11-24T10:50:30 EST" finished-at="2019-11-24T10:50:54 EST">
      <class name="myautoproject.testrunner.SmokeTestWithTestNG">
        <test-method status="PASS" signature="testStartup()[pri:0, instance:myautoproject.testrunner.SmokeTestWithTestNG@3cef309d]" name="testStartup" is-config="true" duration-ms="7" started-at="2019-11-24T10:50:30 EST" finished-at="2019-11-24T10:50:30 EST">
          <reporter-output>
          </reporter-output>
        </test-method> <!-- testStartup -->
        <test-method status="PASS" signature="rampUP()[pri:0, instance:myautoproject.testrunner.SmokeTestWithTestNG@3cef309d]" name="rampUP" is-config="true" duration-ms="0" started-at="2019-11-24T10:50:30 EST" finished-at="2019-11-24T10:50:30 EST">
          <reporter-output>
          </reporter-output>
        </test-method> <!-- rampUP -->
        <test-method status="PASS" signature="logOut()[pri:0, instance:myautoproject.testrunner.SmokeTestWithTestNG@3cef309d]" name="logOut" duration-ms="7077" started-at="2019-11-24T10:50:30 EST" finished-at="2019-11-24T10:50:37 EST">
          <reporter-output>
          </reporter-output>
        </test-method> <!-- logOut -->
        <test-method status="PASS" signature="rampDown()[pri:0, instance:myautoproject.testrunner.SmokeTestWithTestNG@3cef309d]" name="rampDown" is-config="true" duration-ms="91" started-at="2019-11-24T10:50:37 EST" finished-at="2019-11-24T10:50:37 EST">
          <reporter-output>
          </reporter-output>
        </test-method> <!-- rampDown -->
        <test-method status="PASS" signature="rampUP()[pri:0, instance:myautoproject.testrunner.SmokeTestWithTestNG@3cef309d]" name="rampUP" is-config="true" duration-ms="0" started-at="2019-11-24T10:50:37 EST" finished-at="2019-11-24T10:50:37 EST">
          <reporter-output>
          </reporter-output>
        </test-method> <!-- rampUP -->
        <test-method status="PASS" signature="login()[pri:0, instance:myautoproject.testrunner.SmokeTestWithTestNG@3cef309d]" name="login" duration-ms="4952" started-at="2019-11-24T10:50:37 EST" finished-at="2019-11-24T10:50:42 EST">
          <reporter-output>
          </reporter-output>
        </test-method> <!-- login -->
        <test-method status="PASS" signature="rampDown()[pri:0, instance:myautoproject.testrunner.SmokeTestWithTestNG@3cef309d]" name="rampDown" is-config="true" duration-ms="88" started-at="2019-11-24T10:50:42 EST" finished-at="2019-11-24T10:50:42 EST">
          <reporter-output>
          </reporter-output>
        </test-method> <!-- rampDown -->
        <test-method status="PASS" signature="myAccount()[pri:0, instance:myautoproject.testrunner.SmokeTestWithTestNG@3cef309d]" name="myAccount" duration-ms="6873" started-at="2019-11-24T10:50:42 EST" finished-at="2019-11-24T10:50:49 EST">
          <reporter-output>
          </reporter-output>
        </test-method> <!-- myAccount -->
        <test-method status="PASS" signature="rampUP()[pri:0, instance:myautoproject.testrunner.SmokeTestWithTestNG@3cef309d]" name="rampUP" is-config="true" duration-ms="0" started-at="2019-11-24T10:50:42 EST" finished-at="2019-11-24T10:50:42 EST">
          <reporter-output>
          </reporter-output>
        </test-method> <!-- rampUP -->
        <test-method status="PASS" signature="rampDown()[pri:0, instance:myautoproject.testrunner.SmokeTestWithTestNG@3cef309d]" name="rampDown" is-config="true" duration-ms="91" started-at="2019-11-24T10:50:49 EST" finished-at="2019-11-24T10:50:49 EST">
          <reporter-output>
          </reporter-output>
        </test-method> <!-- rampDown -->
        <test-method status="FAIL" signature="signUP()[pri:0, instance:myautoproject.testrunner.SmokeTestWithTestNG@3cef309d]" name="signUP" duration-ms="4653" started-at="2019-11-24T10:50:49 EST" finished-at="2019-11-24T10:50:54 EST">
          <exception class="java.lang.AssertionError">
            <message>
              <![CDATA[Failed To FInd Proper Profile Name After Registration expected [mr abc997] but found [null]]]>
            </message>
            <full-stacktrace>
              <![CDATA[java.lang.AssertionError: Failed To FInd Proper Profile Name After Registration expected [mr abc997] but found [null]
at org.testng.Assert.fail(Assert.java:97)
at org.testng.Assert.assertEqualsImpl(Assert.java:136)
at org.testng.Assert.assertEquals(Assert.java:118)
at org.testng.Assert.assertEquals(Assert.java:575)
at myautoproject.testrunner.SmokeTestWithTestNG.signUP(SmokeTestWithTestNG.java:62)
at sun.reflect.NativeMethodAccessorImpl.invoke0(Native Method)
at sun.reflect.NativeMethodAccessorImpl.invoke(NativeMethodAccessorImpl.java:62)
at sun.reflect.DelegatingMethodAccessorImpl.invoke(DelegatingMethodAccessorImpl.java:43)
at java.lang.reflect.Method.invoke(Method.java:498)
at org.testng.internal.MethodInvocationHelper.invokeMethod(MethodInvocationHelper.java:133)
at org.testng.internal.TestInvoker.invokeMethod(TestInvoker.java:584)
at org.testng.internal.TestInvoker.invokeTestMethod(TestInvoker.java:172)
at org.testng.internal.MethodRunner.runInSequence(MethodRunner.java:46)
at org.testng.internal.TestInvoker$MethodInvocationAgent.invoke(TestInvoker.java:804)
at org.testng.internal.TestInvoker.invokeTestMethods(TestInvoker.java:145)
at org.testng.internal.TestMethodWorker.invokeTestMethods(TestMethodWorker.java:146)
at org.testng.internal.TestMethodWorker.run(TestMethodWorker.java:128)
at java.util.ArrayList.forEach(ArrayList.java:1257)
at org.testng.TestRunner.privateRun(TestRunner.java:770)
at org.testng.TestRunner.run(TestRunner.java:591)
at org.testng.SuiteRunner.runTest(SuiteRunner.java:402)
at org.testng.SuiteRunner.runSequentially(SuiteRunner.java:396)
at org.testng.SuiteRunner.privateRun(SuiteRunner.java:355)
at org.testng.SuiteRunner.run(SuiteRunner.java:304)
at org.testng.SuiteRunnerWorker.runSuite(SuiteRunnerWorker.java:53)
at org.testng.SuiteRunnerWorker.run(SuiteRunnerWorker.java:96)
at org.testng.TestNG.runSuitesSequentially(TestNG.java:1180)
at org.testng.TestNG.runSuitesLocally(TestNG.java:1102)
at org.testng.TestNG.runSuites(TestNG.java:1032)
at org.testng.TestNG.run(TestNG.java:1000)
at org.testng.remote.AbstractRemoteTestNG.run(AbstractRemoteTestNG.java:115)
at org.testng.remote.RemoteTestNG.initAndRun(RemoteTestNG.java:251)
at org.testng.remote.RemoteTestNG.main(RemoteTestNG.java:77)
]]>
            </full-stacktrace>
          </exception> <!-- java.lang.AssertionError -->
          <reporter-output>
          </reporter-output>
        </test-method> <!-- signUP -->
        <test-method status="PASS" signature="rampUP()[pri:0, instance:myautoproject.testrunner.SmokeTestWithTestNG@3cef309d]" name="rampUP" is-config="true" duration-ms="0" started-at="2019-11-24T10:50:49 EST" finished-at="2019-11-24T10:50:49 EST">
          <reporter-output>
          </reporter-output>
        </test-method> <!-- rampUP -->
        <test-method status="PASS" signature="rampDown()[pri:0, instance:myautoproject.testrunner.SmokeTestWithTestNG@3cef309d]" name="rampDown" is-config="true" duration-ms="92" started-at="2019-11-24T10:50:54 EST" finished-at="2019-11-24T10:50:54 EST">
          <reporter-output>
          </reporter-output>
        </test-method> <!-- rampDown -->
        <test-method status="PASS" signature="testCOmpleted()[pri:0, instance:myautoproject.testrunner.SmokeTestWithTestNG@3cef309d]" name="testCOmpleted" is-config="true" duration-ms="0" started-at="2019-11-24T10:50:54 EST" finished-at="2019-11-24T10:50:54 EST">
          <reporter-output>
          </reporter-output>
        </test-method> <!-- testCOmpleted -->
      </class> <!-- myautoproject.testrunner.SmokeTestWithTestNG -->
    </test> <!-- Default test -->
  </suite> <!-- Default suite -->
</testng-results>
